<?xml version="1.0" encoding="UTF-8"?>
<testsuite name="spbau.eliseeva.trie.TrieTest" tests="5" skipped="0" failures="0" errors="0" timestamp="2017-10-02T22:24:21" hostname="mari" time="0.009">
  <properties/>
  <testcase name="containsTest" classname="spbau.eliseeva.trie.TrieTest" time="0.004"/>
  <testcase name="addTest" classname="spbau.eliseeva.trie.TrieTest" time="0.001"/>
  <testcase name="howManyStartsWithPrefixTest" classname="spbau.eliseeva.trie.TrieTest" time="0.001"/>
  <testcase name="sizeTest" classname="spbau.eliseeva.trie.TrieTest" time="0.001"/>
  <testcase name="removeTest" classname="spbau.eliseeva.trie.TrieTest" time="0.002"/>
  <system-out><![CDATA[]]></system-out>
  <system-err><![CDATA[]]></system-err>
</testsuite>
