<?xml version="1.0" encoding="UTF-8"?>
<testsuite name="spbau.eliseeva.test.SpiralTest" tests="2" skipped="0" failures="0" errors="0" timestamp="2017-09-26T21:13:37" hostname="mari" time="0.058">
  <properties/>
  <testcase name="printTest" classname="spbau.eliseeva.test.SpiralTest" time="0.004"/>
  <testcase name="sortColsTest" classname="spbau.eliseeva.test.SpiralTest" time="0.053"/>
  <system-out><![CDATA[3 5 5 
6 1 2 
8 2 1 

1 6 8 2 1 2 5 5 3 

5 2 5 7 2 
7 1 5 2 3 
6 7 3 3 5 
4 6 4 3 5 
3 3 8 2 7 

3 1 3 2 2 
4 2 4 2 3 
5 3 5 3 5 
6 6 5 3 5 
7 7 8 7 7 

]]></system-out>
  <system-err><![CDATA[]]></system-err>
</testsuite>
